<?xml version="1.0" encoding="UTF-8"?>
<!-- Generated by org.testng.reporters.JUnitXMLReporter -->
<testsuite hostname="Dare" ignored="0" name="Test" tests="3" failures="0" timestamp="01 Jan 2019 12:52:16 GMT" time="105.905" errors="0">
  <testcase name="basePageNavi" time="16.07" classname="WebsiteTest.validateNavi"/>
  <testcase name="basePageNavi" time="44.102" classname="WebsiteTest.HomePage"/>
  <testcase name="basePageNavi" time="43.017" classname="WebsiteTest.HomePage"/>
</testsuite> <!-- Test -->
